<?xml version="1.0" encoding="UTF-8"?>
<!-- Generated by org.testng.reporters.JUnitReportReporter -->
<testsuite skipped="0" hostname="localhost" name="test1.Test3" tests="4" failures="0" timestamp="22 三月 2021 02:03:44 GMT" time="0.008" errors="0">
  <testcase name="test11" time="0.002" classname="test1.Test3"/>
  <testcase name="test21" time="0.002" classname="test1.Test3"/>
  <testcase name="test12" time="0.002" classname="test1.Test3"/>
  <testcase name="test22" time="0.002" classname="test1.Test3"/>
</testsuite> <!-- test1.Test3 -->
