<?xml version="1.0" encoding="UTF-8"?>
<!-- Generated by org.testng.reporters.JUnitReportReporter -->
<testsuite skipped="0" hostname="localhost" name="test2.Test1" tests="4" failures="0" timestamp="22 三月 2021 02:03:44 GMT" time="0.025" errors="0">
  <testcase name="test11" time="0.010" classname="test2.Test1"/>
  <testcase name="test22" time="0.004" classname="test2.Test1"/>
  <testcase name="test12" time="0.006" classname="test2.Test1"/>
  <testcase name="test21" time="0.005" classname="test2.Test1"/>
</testsuite> <!-- test2.Test1 -->
