<?xml version="1.0" encoding="UTF-8"?>
<!-- Generated by org.testng.reporters.JUnitReportReporter -->
<testsuite skipped="0" hostname="localhost" name="test1.Test4" tests="2" failures="0" timestamp="22 三月 2021 02:03:44 GMT" time="0.072" errors="0">
  <testcase name="test" time="0.071" classname="test1.Test4"/>
  <testcase name="test1" time="0.001" classname="test1.Test4"/>
</testsuite> <!-- test1.Test4 -->
